<?xml version="1.0" encoding="UTF-8" ?>
<testsuite failures="0" time="0.038" errors="0" skipped="0" tests="1" name="com.cuubez.auth.AppTest">
  <properties>
    <property name="java.runtime.name" value="Java(TM) SE Runtime Environment"/>
    <property name="sun.boot.library.path" value="C:\Program Files\Java\jdk1.7.0_25\jre\bin"/>
    <property name="java.vm.version" value="23.25-b01"/>
    <property name="java.vm.vendor" value="Oracle Corporation"/>
    <property name="java.vendor.url" value="http://java.oracle.com/"/>
    <property name="path.separator" value=";"/>
    <property name="java.vm.name" value="Java HotSpot(TM) 64-Bit Server VM"/>
    <property name="file.encoding.pkg" value="sun.io"/>
    <property name="user.script" value=""/>
    <property name="user.country" value="US"/>
    <property name="sun.java.launcher" value="SUN_STANDARD"/>
    <property name="sun.os.patch.level" value="Service Pack 1"/>
    <property name="java.vm.specification.name" value="Java Virtual Machine Specification"/>
    <property name="user.dir" value="D:\GSync\MIS3020\My Research\CUUBEZMERGE\cuubez-rest\cuubez-auth"/>
    <property name="java.runtime.version" value="1.7.0_25-b17"/>
    <property name="java.awt.graphicsenv" value="sun.awt.Win32GraphicsEnvironment"/>
    <property name="basedir" value="D:\GSync\MIS3020\My Research\CUUBEZMERGE\cuubez-rest\cuubez-auth"/>
    <property name="java.endorsed.dirs" value="C:\Program Files\Java\jdk1.7.0_25\jre\lib\endorsed"/>
    <property name="os.arch" value="amd64"/>
    <property name="surefire.real.class.path" value="D:\CRICKET_folder\Test_LAB_NGW\http%3a%2f%2fcygwin.mirrors.pair.com%2f\tmp\surefirebooter8612679893716099302.jar"/>
    <property name="java.io.tmpdir" value="C:\Users\rh40203\AppData\Local\Temp\"/>
    <property name="line.separator" value="
"/>
    <property name="java.vm.specification.vendor" value="Oracle Corporation"/>
    <property name="user.variant" value=""/>
    <property name="os.name" value="Windows 7"/>
    <property name="sun.jnu.encoding" value="Cp1252"/>
    <property name="java.library.path" value="C:\Program Files\Java\jdk1.7.0_25\jre\bin;C:\Windows\Sun\Java\bin;C:\Windows\system32;C:\Windows;D:\CRICKET_folder\Test_LAB_NGW\http%3a%2f%2fcygwin.mirrors.pair.com%2f\usr\local\bin;D:\CRICKET_folder\Test_LAB_NGW\http%3a%2f%2fcygwin.mirrors.pair.com%2f\bin;C:\Windows\system32;C:\Windows;C:\Windows\System32\Wbem;C:\Windows\System32\WindowsPowerShell\v1.0;C:\Program Files\Dell\DW WLAN Card;C:\Program Files (x86)\Bitvise SSH Client;C:\Program Files\Java\jdk1.7.0_25\bin;D:\CRICKET_folder\Test_LAB_NGW\xmlstarlet-1.3.0;D:\CRICKET_folder\Test_LAB_NGW\http%3a%2f%2fcygwin.mirrors.pair.com%2f\bin;C:\Program Files\Intel\DMIX;D:\CRICKET_folder\Test_LAB_NGW\apache-maven-2.2.1-bin.tar\apache-maven-2.2.1\bin;D:\OLD_DESKTOP\Test_LAB_NGW;C:\Program Files\TortoiseSVN\bin;."/>
    <property name="surefire.test.class.path" value="D:\GSync\MIS3020\My Research\CUUBEZMERGE\cuubez-rest\cuubez-auth\target\test-classes;D:\GSync\MIS3020\My Research\CUUBEZMERGE\cuubez-rest\cuubez-auth\target\classes;D:\GSync\MIS3020\My Research\CUUBEZMERGE\cuubez-rest\cuubez-core\target\cuubez-core-1.0-beta-1.jar;C:\Users\rh40203\.m2\repository\com\thoughtworks\xstream\xstream\1.4.4\xstream-1.4.4.jar;C:\Users\rh40203\.m2\repository\xmlpull\xmlpull\1.1.3.1\xmlpull-1.1.3.1.jar;C:\Users\rh40203\.m2\repository\xpp3\xpp3_min\1.1.4c\xpp3_min-1.1.4c.jar;C:\Users\rh40203\.m2\repository\commons-logging\commons-logging\1.1.1\commons-logging-1.1.1.jar;C:\Users\rh40203\.m2\repository\javax\servlet\servlet-api\2.5\servlet-api-2.5.jar;C:\Users\rh40203\.m2\repository\javassist\javassist\3.12.1.GA\javassist-3.12.1.GA.jar;C:\Users\rh40203\.m2\repository\xml-security\xmlsec\1.3.0\xmlsec-1.3.0.jar;C:\Users\rh40203\.m2\repository\junit\junit\3.8.1\junit-3.8.1.jar;C:\Users\rh40203\.m2\repository\log4j\log4j\1.2.17\log4j-1.2.17.jar;"/>
    <property name="java.specification.name" value="Java Platform API Specification"/>
    <property name="java.class.version" value="51.0"/>
    <property name="sun.management.compiler" value="HotSpot 64-Bit Tiered Compilers"/>
    <property name="os.version" value="6.1"/>
    <property name="user.home" value="C:\Users\rh40203"/>
    <property name="user.timezone" value=""/>
    <property name="java.awt.printerjob" value="sun.awt.windows.WPrinterJob"/>
    <property name="java.specification.version" value="1.7"/>
    <property name="file.encoding" value="Cp1252"/>
    <property name="user.name" value="rh40203"/>
    <property name="java.class.path" value="D:\GSync\MIS3020\My Research\CUUBEZMERGE\cuubez-rest\cuubez-auth\target\test-classes;D:\GSync\MIS3020\My Research\CUUBEZMERGE\cuubez-rest\cuubez-auth\target\classes;D:\GSync\MIS3020\My Research\CUUBEZMERGE\cuubez-rest\cuubez-core\target\cuubez-core-1.0-beta-1.jar;C:\Users\rh40203\.m2\repository\com\thoughtworks\xstream\xstream\1.4.4\xstream-1.4.4.jar;C:\Users\rh40203\.m2\repository\xmlpull\xmlpull\1.1.3.1\xmlpull-1.1.3.1.jar;C:\Users\rh40203\.m2\repository\xpp3\xpp3_min\1.1.4c\xpp3_min-1.1.4c.jar;C:\Users\rh40203\.m2\repository\commons-logging\commons-logging\1.1.1\commons-logging-1.1.1.jar;C:\Users\rh40203\.m2\repository\javax\servlet\servlet-api\2.5\servlet-api-2.5.jar;C:\Users\rh40203\.m2\repository\javassist\javassist\3.12.1.GA\javassist-3.12.1.GA.jar;C:\Users\rh40203\.m2\repository\xml-security\xmlsec\1.3.0\xmlsec-1.3.0.jar;C:\Users\rh40203\.m2\repository\junit\junit\3.8.1\junit-3.8.1.jar;C:\Users\rh40203\.m2\repository\log4j\log4j\1.2.17\log4j-1.2.17.jar;"/>
    <property name="java.vm.specification.version" value="1.7"/>
    <property name="sun.arch.data.model" value="64"/>
    <property name="java.home" value="C:\Program Files\Java\jdk1.7.0_25\jre"/>
    <property name="sun.java.command" value="D:\CRICKET_folder\Test_LAB_NGW\http%3a%2f%2fcygwin.mirrors.pair.com%2f\tmp\surefirebooter8612679893716099302.jar D:\CRICKET_folder\Test_LAB_NGW\http%3a%2f%2fcygwin.mirrors.pair.com%2f\tmp\surefire2284334963009467507tmp D:\CRICKET_folder\Test_LAB_NGW\http%3a%2f%2fcygwin.mirrors.pair.com%2f\tmp\surefire5172723734418425473tmp"/>
    <property name="java.specification.vendor" value="Oracle Corporation"/>
    <property name="user.language" value="en"/>
    <property name="awt.toolkit" value="sun.awt.windows.WToolkit"/>
    <property name="java.vm.info" value="mixed mode"/>
    <property name="java.version" value="1.7.0_25"/>
    <property name="java.ext.dirs" value="C:\Program Files\Java\jdk1.7.0_25\jre\lib\ext;C:\Windows\Sun\Java\lib\ext"/>
    <property name="sun.boot.class.path" value="C:\Program Files\Java\jdk1.7.0_25\jre\lib\resources.jar;C:\Program Files\Java\jdk1.7.0_25\jre\lib\rt.jar;C:\Program Files\Java\jdk1.7.0_25\jre\lib\sunrsasign.jar;C:\Program Files\Java\jdk1.7.0_25\jre\lib\jsse.jar;C:\Program Files\Java\jdk1.7.0_25\jre\lib\jce.jar;C:\Program Files\Java\jdk1.7.0_25\jre\lib\charsets.jar;C:\Program Files\Java\jdk1.7.0_25\jre\lib\jfr.jar;C:\Program Files\Java\jdk1.7.0_25\jre\classes"/>
    <property name="java.vendor" value="Oracle Corporation"/>
    <property name="localRepository" value="C:\Users\rh40203\.m2\repository"/>
    <property name="file.separator" value="\"/>
    <property name="java.vendor.url.bug" value="http://bugreport.sun.com/bugreport/"/>
    <property name="sun.cpu.endian" value="little"/>
    <property name="sun.io.unicode.encoding" value="UnicodeLittle"/>
    <property name="sun.desktop" value="windows"/>
    <property name="sun.cpu.isalist" value="amd64"/>
  </properties>
  <testcase time="0.011" classname="com.cuubez.auth.AppTest" name="testApp"/>
</testsuite>